<?xml version="1.0" encoding="UTF-8"?>
<!-- Generated by org.testng.reporters.JUnitXMLReporter -->
<testsuite ignored="0" hostname="LAPTOP-GAUPM6CM" failures="0" tests="4" name="Default test" time="52.545" errors="0" timestamp="2023-12-26T11:38:51 IST">
  <testcase classname="testscripts.ValidateLoginUsingDataProviderExcel" name="validateLoginTest1" time="1.388"/>
  <testcase classname="testscripts.ValidateLoginUsingDataProviderExcel" name="validateLoginTest1" time="0.702"/>
  <testcase classname="testscripts.ValidateLoginUsingDataProviderExcel" name="validateLoginTest1" time="0.582"/>
  <testcase classname="testscripts.ValidateLoginUsingDataProviderExcel" name="validateLoginTest1" time="0.529"/>
</testsuite> <!-- Default test -->
