<?xml version="1.0" encoding="UTF-8"?>
<!-- Generated by org.testng.reporters.JUnitXMLReporter -->
<testsuite ignored="1" hostname="LAPTOP-GAUPM6CM" failures="0" tests="2" name="Test" time="34.503" errors="0" timestamp="2023-12-28T11:17:19 IST">
  <testcase classname="testscripts.ValidateLoginHybrid" name="validateLoginTest" time="17.929"/>
  <testcase classname="testscripts.ValidateRegistration" name="validateRegistrationTest" time="15.75"/>
  <testcase classname="base.BaseTest" name="@BeforeTest beforeTest" time="0.0">
    <ignored/>
  </testcase> <!-- @BeforeTest beforeTest -->
</testsuite> <!-- Test -->
