<?xml version="1.0" encoding="UTF-8"?>
<testng-results ignored="0" total="1" passed="1" failed="0" skipped="0">
  <reporter-output>
  </reporter-output>
  <suite started-at="2023-12-22T10:55:57 IST" name="Default suite" finished-at="2023-12-22T10:56:27 IST" duration-ms="30303">
    <groups>
    </groups>
    <test started-at="2023-12-22T10:55:57 IST" name="Default test" finished-at="2023-12-22T10:56:27 IST" duration-ms="30303">
      <class name="dec22nd.BaseTest">
        <test-method is-config="true" signature="setUp()[pri:0, instance:dec22nd.BaseTest@235ecd9f]" started-at="2023-12-22T10:55:57 IST" name="setUp" finished-at="2023-12-22T10:56:24 IST" duration-ms="26864" status="PASS">
          <reporter-output>
          </reporter-output>
        </test-method> <!-- setUp -->
        <test-method signature="loginTest()[pri:0, instance:dec22nd.BaseTest@235ecd9f]" started-at="2023-12-22T10:56:24 IST" name="loginTest" finished-at="2023-12-22T10:56:24 IST" duration-ms="5" status="PASS">
          <reporter-output>
          </reporter-output>
        </test-method> <!-- loginTest -->
        <test-method is-config="true" signature="teardown()[pri:0, instance:dec22nd.BaseTest@235ecd9f]" started-at="2023-12-22T10:56:24 IST" name="teardown" finished-at="2023-12-22T10:56:27 IST" duration-ms="3386" status="PASS">
          <reporter-output>
          </reporter-output>
        </test-method> <!-- teardown -->
      </class> <!-- dec22nd.BaseTest -->
    </test> <!-- Default test -->
  </suite> <!-- Default suite -->
</testng-results>
