<?xml version="1.0" encoding="UTF-8"?>
<testng-results ignored="0" total="1" passed="1" failed="0" skipped="0">
  <reporter-output>
  </reporter-output>
  <suite started-at="2024-01-04T11:11:39 IST" name="Suite" finished-at="2024-01-04T11:11:55 IST" duration-ms="15470">
    <groups>
    </groups>
    <test started-at="2024-01-04T11:11:39 IST" name="Test" finished-at="2024-01-04T11:11:55 IST" duration-ms="15470">
      <class name="testscripts.TC104">
        <test-method is-config="true" signature="beforeTest()[pri:0, instance:testscripts.TC104@792b749c]" started-at="2024-01-04T11:11:39 IST" name="beforeTest" finished-at="2024-01-04T11:11:39 IST" duration-ms="275" status="PASS">
          <reporter-output>
          </reporter-output>
        </test-method> <!-- beforeTest -->
        <test-method is-config="true" signature="setUp(org.testng.ITestContext)[pri:0, instance:testscripts.TC104@792b749c]" started-at="2024-01-04T11:11:40 IST" name="setUp" finished-at="2024-01-04T11:11:50 IST" duration-ms="9526" status="PASS">
          <params>
            <param index="0">
              <value>
                <![CDATA[org.testng.TestRunner@78b0ec3a]]>
              </value>
            </param>
          </params>
          <reporter-output>
          </reporter-output>
        </test-method> <!-- setUp -->
        <test-method signature="tc104(java.util.HashMap)[pri:0, instance:testscripts.TC104@792b749c]" started-at="2024-01-04T11:11:50 IST" name="tc104" data-provider="getData" finished-at="2024-01-04T11:11:51 IST" duration-ms="1266" status="PASS">
          <params>
            <param index="0">
              <value>
                <![CDATA[{expectedTitle=Adactin.com - Search Hotel, password=reyaz123, Check InDate=03/01/2024, username=reyaz009, Location=Sydney}]]>
              </value>
            </param>
          </params>
          <reporter-output>
          </reporter-output>
        </test-method> <!-- tc104 -->
        <test-method is-config="true" signature="teardown()[pri:0, instance:testscripts.TC104@792b749c]" started-at="2024-01-04T11:11:51 IST" name="teardown" finished-at="2024-01-04T11:11:54 IST" duration-ms="3256" status="PASS">
          <reporter-output>
          </reporter-output>
        </test-method> <!-- teardown -->
        <test-method is-config="true" signature="closeReports()[pri:0, instance:testscripts.TC104@792b749c]" started-at="2024-01-04T11:11:54 IST" name="closeReports" finished-at="2024-01-04T11:11:55 IST" duration-ms="323" status="PASS">
          <reporter-output>
          </reporter-output>
        </test-method> <!-- closeReports -->
      </class> <!-- testscripts.TC104 -->
    </test> <!-- Test -->
  </suite> <!-- Suite -->
</testng-results>
